<?xml version="1.0" encoding="UTF-8"?>
<testsuite name="ru.clevertec.check.service.ProductServiceTest" tests="2" skipped="0" failures="0" errors="0" timestamp="2024-07-07T20:35:26" hostname="ANASTY-SHMASTY" time="0.015">
  <properties/>
  <testcase name="getProductById_ProductNotExist()" classname="ru.clevertec.check.service.ProductServiceTest" time="0.012"/>
  <testcase name="getProductById_ProductExist()" classname="ru.clevertec.check.service.ProductServiceTest" time="0.002"/>
  <system-out><![CDATA[]]></system-out>
  <system-err><![CDATA[]]></system-err>
</testsuite>
