<?xml version="1.0" encoding="UTF-8"?>
<testsuite name="ru.clevertec.check.service.DiscountCardTest" tests="2" skipped="0" failures="0" errors="0" timestamp="2024-07-06T19:02:32" hostname="ANASTY-SHMASTY" time="0.02">
  <properties/>
  <testcase name="getDiscountCard_CardExist()" classname="ru.clevertec.check.service.DiscountCardTest" time="0.017"/>
  <testcase name="getDiscountCard_CardNotExist()" classname="ru.clevertec.check.service.DiscountCardTest" time="0.002"/>
  <system-out><![CDATA[]]></system-out>
  <system-err><![CDATA[]]></system-err>
</testsuite>
