<?xml version="1.0" encoding="UTF-8"?>
<testsuite name="ru.clevertec.check.util.CsvUtilTest" tests="2" skipped="0" failures="0" errors="0" timestamp="2024-07-06T19:02:32" hostname="ANASTY-SHMASTY" time="0.038">
  <properties/>
  <testcase name="testSaveCheck()" classname="ru.clevertec.check.util.CsvUtilTest" time="0.032"/>
  <testcase name="testSaveError()" classname="ru.clevertec.check.util.CsvUtilTest" time="0.006"/>
  <system-out><![CDATA[]]></system-out>
  <system-err><![CDATA[]]></system-err>
</testsuite>
